  Ringbuffer2.cpp
C:\Users\emory\Documents\Opsys\Ringbuffer2\Ringbuffer2\ringbuffer2.h(10,11): error C2590: 'Ringbuffer': only a constructor can have a base/member initializer list
  (compiling source file 'Ringbuffer2.cpp')
      C:\Users\emory\Documents\Opsys\Ringbuffer2\Ringbuffer2\ringbuffer2.h(10,11):
      the template instantiation context (the oldest one first) is
          C:\Users\emory\Documents\Opsys\Ringbuffer2\Ringbuffer2\ringbuffer2.h(8,7):
          while compiling class template 'RingBuffer'
  
C:\Users\emory\Documents\Opsys\Ringbuffer2\Ringbuffer2\ringbuffer2.h(34,15): error C2039: 'mutex': is not a member of 'std'
  (compiling source file 'Ringbuffer2.cpp')
      C:\Program Files\Microsoft Visual Studio\2022\Community\VC\Tools\MSVC\14.43.34808\include\vector(29,1):
      see declaration of 'std'
  
C:\Users\emory\Documents\Opsys\Ringbuffer2\Ringbuffer2\ringbuffer2.h(34,23): error C3646: 'm_mutex': unknown override specifier
  (compiling source file 'Ringbuffer2.cpp')
  
C:\Users\emory\Documents\Opsys\Ringbuffer2\Ringbuffer2\ringbuffer2.h(34,15): error C4430: missing type specifier - int assumed. Note: C++ does not support default-int
  (compiling source file 'Ringbuffer2.cpp')
  
C:\Users\emory\Documents\Opsys\Ringbuffer2\Ringbuffer2\ringbuffer2.h(35,7): error C2039: 'condition_variable': is not a member of 'std'
  (compiling source file 'Ringbuffer2.cpp')
      C:\Program Files\Microsoft Visual Studio\2022\Community\VC\Tools\MSVC\14.43.34808\include\vector(29,1):
      see declaration of 'std'
  
C:\Users\emory\Documents\Opsys\Ringbuffer2\Ringbuffer2\ringbuffer2.h(35,27): error C3646: 'm_not_empty': unknown override specifier
  (compiling source file 'Ringbuffer2.cpp')
  
C:\Users\emory\Documents\Opsys\Ringbuffer2\Ringbuffer2\ringbuffer2.h(35,7): error C4430: missing type specifier - int assumed. Note: C++ does not support default-int
  (compiling source file 'Ringbuffer2.cpp')
  
C:\Users\emory\Documents\Opsys\Ringbuffer2\Ringbuffer2\ringbuffer2.h(36,7): error C2039: 'condition_variable': is not a member of 'std'
  (compiling source file 'Ringbuffer2.cpp')
      C:\Program Files\Microsoft Visual Studio\2022\Community\VC\Tools\MSVC\14.43.34808\include\vector(29,1):
      see declaration of 'std'
  
C:\Users\emory\Documents\Opsys\Ringbuffer2\Ringbuffer2\ringbuffer2.h(36,27): error C3646: 'm_not_full': unknown override specifier
  (compiling source file 'Ringbuffer2.cpp')
  
C:\Users\emory\Documents\Opsys\Ringbuffer2\Ringbuffer2\ringbuffer2.h(36,7): error C4430: missing type specifier - int assumed. Note: C++ does not support default-int
  (compiling source file 'Ringbuffer2.cpp')
  
C:\Users\emory\Documents\Opsys\Ringbuffer2\Ringbuffer2\ringbuffer2.tpp(8,7): error C2039: 'unique_lock': is not a member of 'std'
  (compiling source file 'Ringbuffer2.cpp')
      C:\Program Files\Microsoft Visual Studio\2022\Community\VC\Tools\MSVC\14.43.34808\include\vector(29,1):
      see declaration of 'std'
  
C:\Users\emory\Documents\Opsys\Ringbuffer2\Ringbuffer2\ringbuffer2.tpp(8,24): error C2039: 'mutex': is not a member of 'std'
  (compiling source file 'Ringbuffer2.cpp')
      C:\Program Files\Microsoft Visual Studio\2022\Community\VC\Tools\MSVC\14.43.34808\include\vector(29,1):
      see declaration of 'std'
  
C:\Users\emory\Documents\Opsys\Ringbuffer2\Ringbuffer2\ringbuffer2.tpp(8,36): error C3861: 'm_mutex': identifier not found
  (compiling source file 'Ringbuffer2.cpp')
  
C:\Users\emory\Documents\Opsys\Ringbuffer2\Ringbuffer2\ringbuffer2.tpp(9,2): error C3861: 'm_not_full': identifier not found
  (compiling source file 'Ringbuffer2.cpp')
  
C:\Users\emory\Documents\Opsys\Ringbuffer2\Ringbuffer2\ringbuffer2.tpp(9,18): error C3861: 'lock': identifier not found
  (compiling source file 'Ringbuffer2.cpp')
  
C:\Users\emory\Documents\Opsys\Ringbuffer2\Ringbuffer2\ringbuffer2.tpp(15,2): error C3861: 'm_not_empty': identifier not found
  (compiling source file 'Ringbuffer2.cpp')
  
C:\Users\emory\Documents\Opsys\Ringbuffer2\Ringbuffer2\ringbuffer2.tpp(8,36): error C2065: 'm_mutex': undeclared identifier
  (compiling source file 'Ringbuffer2.cpp')
  
C:\Users\emory\Documents\Opsys\Ringbuffer2\Ringbuffer2\ringbuffer2.tpp(9,2): error C2065: 'm_not_full': undeclared identifier
  (compiling source file 'Ringbuffer2.cpp')
  
C:\Users\emory\Documents\Opsys\Ringbuffer2\Ringbuffer2\ringbuffer2.tpp(9,18): error C2065: 'lock': undeclared identifier
  (compiling source file 'Ringbuffer2.cpp')
  
C:\Users\emory\Documents\Opsys\Ringbuffer2\Ringbuffer2\ringbuffer2.tpp(15,2): error C2065: 'm_not_empty': undeclared identifier
  (compiling source file 'Ringbuffer2.cpp')
  
C:\Users\emory\Documents\Opsys\Ringbuffer2\Ringbuffer2\ringbuffer2.tpp(21,7): error C2039: 'unique_lock': is not a member of 'std'
  (compiling source file 'Ringbuffer2.cpp')
      C:\Program Files\Microsoft Visual Studio\2022\Community\VC\Tools\MSVC\14.43.34808\include\vector(29,1):
      see declaration of 'std'
  
C:\Users\emory\Documents\Opsys\Ringbuffer2\Ringbuffer2\ringbuffer2.tpp(21,24): error C2039: 'mutex': is not a member of 'std'
  (compiling source file 'Ringbuffer2.cpp')
      C:\Program Files\Microsoft Visual Studio\2022\Community\VC\Tools\MSVC\14.43.34808\include\vector(29,1):
      see declaration of 'std'
  
C:\Users\emory\Documents\Opsys\Ringbuffer2\Ringbuffer2\ringbuffer2.tpp(21,36): error C3861: 'm_mutex': identifier not found
  (compiling source file 'Ringbuffer2.cpp')
  
C:\Users\emory\Documents\Opsys\Ringbuffer2\Ringbuffer2\ringbuffer2.tpp(22,2): error C3861: 'm_not_empty': identifier not found
  (compiling source file 'Ringbuffer2.cpp')
  
C:\Users\emory\Documents\Opsys\Ringbuffer2\Ringbuffer2\ringbuffer2.tpp(22,19): error C3861: 'lock': identifier not found
  (compiling source file 'Ringbuffer2.cpp')
  
C:\Users\emory\Documents\Opsys\Ringbuffer2\Ringbuffer2\ringbuffer2.tpp(29,2): error C3861: 'm_not_full': identifier not found
  (compiling source file 'Ringbuffer2.cpp')
  
C:\Users\emory\Documents\Opsys\Ringbuffer2\Ringbuffer2\ringbuffer2.tpp(21,36): error C2065: 'm_mutex': undeclared identifier
  (compiling source file 'Ringbuffer2.cpp')
  
C:\Users\emory\Documents\Opsys\Ringbuffer2\Ringbuffer2\ringbuffer2.tpp(22,2): error C2065: 'm_not_empty': undeclared identifier
  (compiling source file 'Ringbuffer2.cpp')
  
C:\Users\emory\Documents\Opsys\Ringbuffer2\Ringbuffer2\ringbuffer2.tpp(22,19): error C2065: 'lock': undeclared identifier
  (compiling source file 'Ringbuffer2.cpp')
  
C:\Users\emory\Documents\Opsys\Ringbuffer2\Ringbuffer2\ringbuffer2.tpp(29,2): error C2065: 'm_not_full': undeclared identifier
  (compiling source file 'Ringbuffer2.cpp')
  
C:\Users\emory\Documents\Opsys\Ringbuffer2\Ringbuffer2\ringbuffer2.tpp(35,9): error C3861: 'm_size': identifier not found
  (compiling source file 'Ringbuffer2.cpp')
  
C:\Users\emory\Documents\Opsys\Ringbuffer2\Ringbuffer2\ringbuffer2.tpp(35,9): error C2065: 'm_size': undeclared identifier
  (compiling source file 'Ringbuffer2.cpp')
  
C:\Users\emory\Documents\Opsys\Ringbuffer2\Ringbuffer2\ringbuffer2.tpp(41,9): error C3861: 'm_size': identifier not found
  (compiling source file 'Ringbuffer2.cpp')
  
C:\Users\emory\Documents\Opsys\Ringbuffer2\Ringbuffer2\ringbuffer2.tpp(41,9): error C2065: 'm_size': undeclared identifier
  (compiling source file 'Ringbuffer2.cpp')
  
C:\Users\emory\Documents\Opsys\Ringbuffer2\Ringbuffer2\ringbuffer2.tpp(47,9): error C2065: 'm_size': undeclared identifier
  (compiling source file 'Ringbuffer2.cpp')
  
C:\Users\emory\Documents\Opsys\Ringbuffer2\Ringbuffer2\ringbuffer2.tpp(47,9): error C3861: 'm_size': identifier not found
  (compiling source file 'Ringbuffer2.cpp')
  
C:\Users\emory\Documents\Opsys\Ringbuffer2\Ringbuffer2\Ringbuffer2.cpp(7,25): error C2039: 'stop_token': is not a member of 'std'
      C:\Program Files\Microsoft Visual Studio\2022\Community\VC\Tools\MSVC\14.43.34808\include\vector(29,1):
      see declaration of 'std'
  
C:\Users\emory\Documents\Opsys\Ringbuffer2\Ringbuffer2\Ringbuffer2.cpp(7,6): error C2182: 'reader_thread': this use of 'void' is not valid
C:\Users\emory\Documents\Opsys\Ringbuffer2\Ringbuffer2\Ringbuffer2.cpp(7,25): error C2065: 'stop_token': undeclared identifier
C:\Users\emory\Documents\Opsys\Ringbuffer2\Ringbuffer2\Ringbuffer2.cpp(7,36): error C2146: syntax error: missing ')' before identifier 'stop_token'
C:\Users\emory\Documents\Opsys\Ringbuffer2\Ringbuffer2\Ringbuffer2.cpp(8,1): error C2143: syntax error: missing ';' before '{'
C:\Users\emory\Documents\Opsys\Ringbuffer2\Ringbuffer2\Ringbuffer2.cpp(8,1): error C2447: '{': missing function header (old-style formal list?)
C:\Users\emory\Documents\Opsys\Ringbuffer2\Ringbuffer2\Ringbuffer2.cpp(16,27): error C2039: 'stop_token': is not a member of 'std'
      C:\Program Files\Microsoft Visual Studio\2022\Community\VC\Tools\MSVC\14.43.34808\include\vector(29,1):
      see declaration of 'std'
  
C:\Users\emory\Documents\Opsys\Ringbuffer2\Ringbuffer2\Ringbuffer2.cpp(16,6): error C2182: 'keyboard_thread': this use of 'void' is not valid
C:\Users\emory\Documents\Opsys\Ringbuffer2\Ringbuffer2\Ringbuffer2.cpp(16,27): error C2065: 'stop_token': undeclared identifier
C:\Users\emory\Documents\Opsys\Ringbuffer2\Ringbuffer2\Ringbuffer2.cpp(16,38): error C2146: syntax error: missing ')' before identifier 'stop_token'
C:\Users\emory\Documents\Opsys\Ringbuffer2\Ringbuffer2\Ringbuffer2.cpp(17,1): error C2143: syntax error: missing ';' before '{'
C:\Users\emory\Documents\Opsys\Ringbuffer2\Ringbuffer2\Ringbuffer2.cpp(17,1): error C2447: '{': missing function header (old-style formal list?)
C:\Users\emory\Documents\Opsys\Ringbuffer2\Ringbuffer2\Ringbuffer2.cpp(35,25): error C2039: 'stop_token': is not a member of 'std'
      C:\Program Files\Microsoft Visual Studio\2022\Community\VC\Tools\MSVC\14.43.34808\include\vector(29,1):
      see declaration of 'std'
  
C:\Users\emory\Documents\Opsys\Ringbuffer2\Ringbuffer2\Ringbuffer2.cpp(35,6): error C2182: 'writer_thread': this use of 'void' is not valid
C:\Users\emory\Documents\Opsys\Ringbuffer2\Ringbuffer2\Ringbuffer2.cpp(35,25): error C2065: 'stop_token': undeclared identifier
C:\Users\emory\Documents\Opsys\Ringbuffer2\Ringbuffer2\Ringbuffer2.cpp(35,36): error C2146: syntax error: missing ')' before identifier 'stop_token'
C:\Users\emory\Documents\Opsys\Ringbuffer2\Ringbuffer2\Ringbuffer2.cpp(36,1): error C2143: syntax error: missing ';' before '{'
C:\Users\emory\Documents\Opsys\Ringbuffer2\Ringbuffer2\Ringbuffer2.cpp(36,1): error C2447: '{': missing function header (old-style formal list?)
C:\Users\emory\Documents\Opsys\Ringbuffer2\Ringbuffer2\Ringbuffer2.cpp(52,7): error C2039: 'jthread': is not a member of 'std'
      C:\Program Files\Microsoft Visual Studio\2022\Community\VC\Tools\MSVC\14.43.34808\include\vector(29,1):
      see declaration of 'std'
  
C:\Users\emory\Documents\Opsys\Ringbuffer2\Ringbuffer2\Ringbuffer2.cpp(52,7): error C2065: 'jthread': undeclared identifier
C:\Users\emory\Documents\Opsys\Ringbuffer2\Ringbuffer2\Ringbuffer2.cpp(52,15): error C2146: syntax error: missing ';' before identifier 'reader'
C:\Users\emory\Documents\Opsys\Ringbuffer2\Ringbuffer2\Ringbuffer2.cpp(52,15): error C3861: 'reader': identifier not found
C:\Users\emory\Documents\Opsys\Ringbuffer2\Ringbuffer2\Ringbuffer2.cpp(53,7): error C2039: 'jthread': is not a member of 'std'
      C:\Program Files\Microsoft Visual Studio\2022\Community\VC\Tools\MSVC\14.43.34808\include\vector(29,1):
      see declaration of 'std'
  
C:\Users\emory\Documents\Opsys\Ringbuffer2\Ringbuffer2\Ringbuffer2.cpp(53,7): error C2065: 'jthread': undeclared identifier
C:\Users\emory\Documents\Opsys\Ringbuffer2\Ringbuffer2\Ringbuffer2.cpp(53,15): error C2146: syntax error: missing ';' before identifier 'writer'
C:\Users\emory\Documents\Opsys\Ringbuffer2\Ringbuffer2\Ringbuffer2.cpp(53,15): error C3861: 'writer': identifier not found
C:\Users\emory\Documents\Opsys\Ringbuffer2\Ringbuffer2\Ringbuffer2.cpp(54,7): error C2039: 'jthread': is not a member of 'std'
      C:\Program Files\Microsoft Visual Studio\2022\Community\VC\Tools\MSVC\14.43.34808\include\vector(29,1):
      see declaration of 'std'
  
C:\Users\emory\Documents\Opsys\Ringbuffer2\Ringbuffer2\Ringbuffer2.cpp(54,7): error C2065: 'jthread': undeclared identifier
C:\Users\emory\Documents\Opsys\Ringbuffer2\Ringbuffer2\Ringbuffer2.cpp(54,15): error C2146: syntax error: missing ';' before identifier 'keyboard'
C:\Users\emory\Documents\Opsys\Ringbuffer2\Ringbuffer2\Ringbuffer2.cpp(54,15): error C3861: 'keyboard': identifier not found
C:\Users\emory\Documents\Opsys\Ringbuffer2\Ringbuffer2\Ringbuffer2.cpp(56,2): error C2065: 'keyboard': undeclared identifier
C:\Users\emory\Documents\Opsys\Ringbuffer2\Ringbuffer2\Ringbuffer2.cpp(58,2): error C2065: 'writer': undeclared identifier
C:\Users\emory\Documents\Opsys\Ringbuffer2\Ringbuffer2\Ringbuffer2.cpp(59,2): error C2065: 'write': undeclared identifier
C:\Users\emory\Documents\Opsys\Ringbuffer2\Ringbuffer2\Ringbuffer2.cpp(61,2): error C2065: 'reader': undeclared identifier
C:\Users\emory\Documents\Opsys\Ringbuffer2\Ringbuffer2\Ringbuffer2.cpp(62,2): error C2065: 'reader': undeclared identifier
